2016-05-25T06:46:34.398Z	t817348	history	Retrieved Audit Log
2016-05-25T06:46:37.248Z	t817348	list	Retrieved User List
2016-05-25T06:46:38.093Z	t817348	history	Retrieved Audit Log
2016-05-25T06:46:52.011Z	t817348	list	Retrieved User List
2016-05-25T06:46:53.714Z	t817348	change	Changed User Status of t817348 to Suspended
2016-05-25T06:46:54.698Z	t817348	change	Changed User Status of t817348 to Active
2016-05-25T06:46:55.750Z	t817348	history	Retrieved Audit Log
2016-05-25T06:47:02.770Z	t817348	list	Retrieved User List
2016-05-25T06:47:05.416Z	t817348	type	Generated new Key for  User t816654
2016-05-25T06:47:15.963Z	t817348	history	Retrieved Audit Log
2016-05-25T06:47:16.946Z	t817348	history	Retrieved Audit Log
2016-05-25T06:47:21.285Z	t817348	list	Retrieved User List
2016-05-25T06:47:25.558Z	t817348	type	Changed Token Type for  User t804729 to Soft
2016-05-25T06:47:26.477Z	t817348	history	Retrieved Audit Log
2016-05-25T06:47:40.940Z	t817348	delete	Deleted User t820410
2016-05-25T06:47:44.269Z	t817348	history	Retrieved Audit Log
2016-05-25T06:50:18.597Z	t817348	history	Retrieved Audit Log
2016-05-25T06:51:50.434Z	t817348	list	Retrieved User List
2016-05-25T06:51:52.519Z	t817348	history	Retrieved Audit Log
2016-05-25T06:56:11.149Z	t817348	list	Retrieved User List
2016-05-25T06:56:13.585Z	t817348	history	Retrieved Audit Log
2016-05-25T06:56:34.031Z	t817348	list	Retrieved User List
2016-05-25T06:56:35.889Z	t817348	history	Retrieved Audit Log
2016-05-25T06:57:13.840Z	t817348	history	Retrieved Audit Log
2016-05-25T06:57:17.426Z	t817348	list	Retrieved User List
2016-05-25T06:57:19.563Z	t817348	history	Retrieved Audit Log
2016-05-25T06:57:28.325Z	t817348	history	Retrieved Audit Log
2016-05-25T06:58:30.101Z	t817348	list	Retrieved User List
2016-05-25T06:58:32.129Z	t817348	history	Retrieved Audit Log
2016-05-25T06:58:42.054Z	t817348	history	Retrieved Audit Log
2016-05-25T06:58:53.702Z	t817348	history	Retrieved Audit Log
2016-05-25T06:59:23.840Z	t817348	history	Retrieved Audit Log
2016-05-25T07:00:59.508Z	t817348	history	Retrieved Audit Log
2016-05-25T07:01:02.963Z	t817348	history	Retrieved Audit Log
2016-05-25T07:01:08.387Z	t817348	list	Retrieved User List
2016-05-25T07:01:11.463Z	t817348	history	Retrieved Audit Log
2016-05-25T07:03:37.420Z	t817348	list	Retrieved User List
2016-05-25T07:03:44.255Z	t817348	generate	Generated new Key for  User t817348
2016-05-25T07:03:45.679Z	t817348	history	Retrieved Audit Log
2016-05-25T07:03:47.719Z	t817348	list	Retrieved User List
2016-05-25T07:04:36.163Z	t817348	search	Searched for Gary
2016-05-25T07:04:36.369Z	t817348	search	Searched for Gary S
2016-05-25T07:04:39.101Z	t817348	register	Registered user undefined
2016-05-25T07:04:39.142Z	t817348	list	Retrieved User List
2016-05-25T07:04:43.439Z	t817348	history	Retrieved Audit Log
2016-05-25T07:05:30.206Z	t817348	list	Retrieved User List
2016-05-25T07:05:33.588Z	t817348	delete	Deleted User t813590
2016-05-25T07:05:39.471Z	t817348	register	Registered user undefined
2016-05-25T07:05:39.533Z	t817348	list	Retrieved User List
2016-05-25T07:05:40.987Z	t817348	history	Retrieved Audit Log
2016-05-25T07:06:23.239Z	t817348	list	Retrieved User List
2016-05-25T07:06:26.677Z	t817348	delete	Deleted User t813590
2016-05-25T07:06:31.851Z	t817348	list	Retrieved User List
2016-05-25T07:06:32.910Z	t817348	history	Retrieved Audit Log
2016-05-25T07:06:36.236Z	t817348	history	Retrieved Audit Log
2016-05-25T07:06:47.735Z	t817348	list	Retrieved User List
2016-05-25T07:07:55.842Z	t817348	list	Retrieved User List
2016-05-25T07:08:01.038Z	t817348	history	Retrieved Audit Log
2016-05-25T07:08:04.486Z	t817348	list	Retrieved User List
2016-05-25T07:08:06.676Z	t817348	delete	Deleted User t813590
2016-05-25T07:08:08.021Z	t817348	history	Retrieved Audit Log
2016-05-25T07:08:09.028Z	t817348	history	Retrieved Audit Log
2016-05-25T07:08:14.752Z	t817348	list	Retrieved User List
2016-05-25T07:08:16.511Z	t817348	history	Retrieved Audit Log
2016-05-25T07:09:14.689Z	t817348	register	Registered user Error Adding user:The entry uid=t813590,ou=spark,ou=mfa,dc=spark,dc=co,dc=nz cannot be added because an entry with that name already exists
2016-05-25T07:09:14.765Z	t817348	list	Retrieved User List
2016-05-25T07:09:17.561Z	t817348	history	Retrieved Audit Log
2016-05-25T07:09:57.583Z	t817348	list	Retrieved User List
2016-05-25T07:09:59.735Z	t817348	delete	Deleted User t813590
2016-05-25T07:10:06.758Z	t817348	register	User Added Successfully
2016-05-25T07:10:06.800Z	t817348	list	Retrieved User List
2016-05-25T07:10:07.701Z	t817348	history	Retrieved Audit Log
2016-05-25T07:10:58.261Z	t817348	list	Retrieved User List
2016-05-25T07:11:00.146Z	t817348	history	Retrieved Audit Log
2016-05-25T07:12:33.450Z	t817348	list	Retrieved User List
2016-05-25T07:12:35.365Z	t817348	delete	Deleted User t813590
2016-05-25T07:12:40.434Z	t817348	register	Register user t813590: undefined
2016-05-25T07:12:40.459Z	t817348	list	Retrieved User List
2016-05-25T07:12:41.328Z	t817348	history	Retrieved Audit Log
2016-05-25T07:12:42.618Z	t817348	history	Retrieved Audit Log
2016-05-25T07:13:09.833Z	t817348	register	Register user t813590: Error Adding user:The entry uid=t813590,ou=spark,ou=mfa,dc=spark,dc=co,dc=nz cannot be added because an entry with that name already exists
2016-05-25T07:13:09.862Z	t817348	list	Retrieved User List
2016-05-25T07:13:11.654Z	t817348	history	Retrieved Audit Log
2016-05-25T07:13:19.840Z	t817348	list	Retrieved User List
2016-05-25T07:13:23.644Z	t817348	delete	Deleted User t813590
2016-05-25T07:13:28.629Z	t817348	register	Register user t813590: User Added Successfully
2016-05-25T07:13:28.673Z	t817348	list	Retrieved User List
2016-05-25T07:13:29.617Z	t817348	history	Retrieved Audit Log
2016-05-25T07:13:31.814Z	t817348	history	Retrieved Audit Log
2016-05-25T07:13:52.759Z	t817348	register	Register user t820410: User Added Successfully
2016-05-25T07:13:52.759Z	t817348	register	Register user t802793: User Added Successfully
2016-05-25T07:13:52.788Z	t817348	list	Retrieved User List
2016-05-25T07:13:53.943Z	t817348	list	Retrieved User List
2016-05-25T07:13:59.536Z	t817348	history	Retrieved Audit Log
2016-05-25T07:14:37.758Z	t817348	list	Retrieved User List
2016-05-25T07:14:40.436Z	t817348	delete	Deleted User t802793
2016-05-25T07:14:41.832Z	t817348	history	Retrieved Audit Log
2016-05-25T07:14:42.514Z	t817348	history	Retrieved Audit Log
2016-05-25T22:05:58.479Z	t817348	list	Retrieved User List
2016-05-25T22:39:06.242Z	t817348	list	Retrieved User List
2016-05-25T22:42:51.895Z	t817348	list	Retrieved User List
2016-05-25T22:43:11.110Z	t817348	list	Retrieved User List
2016-05-25T22:44:15.007Z	t817348	list	Retrieved User List
2016-05-25T22:45:14.074Z	t817348	list	Retrieved User List
2016-05-25T22:57:29.017Z	t817348	list	Retrieved User List
2016-05-25T22:58:04.774Z	t817348	list	Retrieved User List
2016-05-25T22:58:36.512Z	t817348	list	Retrieved User List
2016-05-25T22:58:48.845Z	t817348	change	Changed User Status of t820834 to Suspended
2016-05-25T22:58:50.884Z	t817348	change	Changed User Status of t820834 to Active
2016-05-25T22:58:52.892Z	t817348	list	Retrieved User List
2016-05-25T23:00:47.449Z	t817348	list	Retrieved User List
2016-05-25T23:01:08.332Z	t817348	list	Retrieved User List
2016-05-25T23:01:36.176Z	t817348	list	Retrieved User List
2016-05-25T23:01:48.123Z	t817348	list	Retrieved User List
2016-05-25T23:02:22.440Z	t817348	list	Retrieved User List
2016-05-25T23:03:17.444Z	t817348	list	Retrieved User List
2016-05-25T23:03:58.956Z	t817348	list	Retrieved User List
2016-05-25T23:04:06.539Z	t817348	list	Retrieved User List
2016-05-25T23:04:29.097Z	t817348	list	Retrieved User List
2016-05-25T23:04:44.306Z	t817348	list	Retrieved User List
2016-05-25T23:04:48.874Z	t817348	generate	Generated new Key for  User t816654
2016-05-25T23:05:17.419Z	t817348	list	Retrieved User List
2016-05-25T23:05:32.629Z	t817348	history	Retrieved Audit Log
2016-05-25T23:05:35.530Z	t817348	list	Retrieved User List
2016-05-25T23:06:17.863Z	t817348	list	Retrieved User List
2016-05-25T23:13:51.715Z	t817348	list	Retrieved User List
2016-05-25T23:14:19.961Z	t817348	list	Retrieved User List
2016-05-25T23:16:16.371Z	t817348	list	Retrieved User List
2016-05-25T23:17:17.922Z	t817348	list	Retrieved User List
2016-05-25T23:17:24.047Z	t817348	list	Retrieved User List
2016-05-25T23:17:33.381Z	t817348	change	Changed User Status of t817348 to Suspended
2016-05-25T23:17:34.856Z	t817348	list	Retrieved User List
2016-05-25T23:17:37.034Z	t817348	change	Changed User Status of t817348 to Active
2016-05-25T23:17:38.458Z	t817348	list	Retrieved User List
2016-05-25T23:17:47.339Z	t817348	history	Retrieved Audit Log
2016-05-25T23:17:50.753Z	t817348	list	Retrieved User List
2016-06-08T21:47:18.668Z	t817348	list	Retrieved User List
2016-06-08T21:47:25.844Z	t817348	list	Retrieved User List
2016-06-08T21:47:35.908Z	t817348	generate	Generated new Key for  User t817348
2016-06-08T21:47:39.600Z	t817348	change	Changed User Status of t817348 to Active
2016-06-08T21:47:41.267Z	t817348	history	Retrieved Audit Log
2016-06-08T22:04:42.577Z	t817348	list	Retrieved User List
2016-06-08T22:09:10.462Z	t817348	list	Retrieved User List
2016-06-08T23:14:45.041Z	t817348	list	Retrieved User List
2016-06-08T23:15:01.785Z	t817348	list	Retrieved User List
2016-06-16T22:55:11.267Z	t817348	list	Retrieved User List
2016-06-16T22:55:36.192Z	t817348	list	Retrieved User List
2016-06-16T22:55:38.489Z	t817348	history	Retrieved Audit Log
2016-06-16T22:55:43.117Z	t817348	list	Retrieved User List
2016-06-16T22:56:02.777Z	t817348	register	Register user t963384: Error Adding user:The entry uid=t963384,ou=spark,ou=mfa,dc=spark,dc=co,dc=nz cannot be added because an entry with that name already exists
2016-06-16T22:56:02.835Z	t817348	list	Retrieved User List
2016-06-16T22:56:10.353Z	t817348	list	Retrieved User List
2016-06-16T22:56:14.938Z	t817348	delete	Deleted User t963384
2016-06-16T22:56:26.558Z	t817348	register	Register user t963384: User Added Successfully
2016-06-16T22:56:26.613Z	t817348	list	Retrieved User List
2016-06-16T22:56:38.532Z	t817348	generate	Generated new Key for  User t963384
2016-06-16T22:56:45.377Z	t817348	history	Retrieved Audit Log
2016-06-16T22:56:50.708Z	t817348	list	Retrieved User List
2016-06-16T23:24:20.118Z	t817348	list	Retrieved User List
2016-06-16T23:24:36.850Z	t817348	list	Retrieved User List
2016-06-16T23:34:59.092Z	t817348	list	Retrieved User List
2016-06-16T23:36:25.498Z	t817348	list	Retrieved User List
2016-06-16T23:37:05.106Z	t817348	list	Retrieved User List
2016-06-16T23:37:19.852Z	t817348	change	Changed User Status of t963384 to Suspended
2016-06-16T23:37:21.883Z	t817348	list	Retrieved User List
2016-06-16T23:37:24.606Z	t817348	change	Changed User Status of t963384 to Active
2016-06-16T23:37:26.184Z	t817348	list	Retrieved User List
2016-06-16T23:48:45.348Z	t817348	list	Retrieved User List
2016-06-16T23:50:09.142Z	t817348	list	Retrieved User List
2016-06-16T23:50:42.294Z	t817348	list	Retrieved User List
2016-06-16T23:54:14.258Z	t817348	list	Retrieved User List
2016-06-17T01:24:05.000Z	t817348	list	Retrieved User List
2016-06-17T01:24:23.282Z	t817348	list	Retrieved User List
2016-06-17T01:31:22.927Z	t817348	list	Retrieved User List
2016-06-17T01:31:56.711Z	t817348	list	Retrieved User List
2016-06-17T01:38:28.538Z	t817348	list	Retrieved User List
2016-06-17T01:38:45.582Z	t817348	list	Retrieved User List
2016-06-17T01:39:57.360Z	t817348	list	Retrieved User List
2016-06-17T01:40:07.391Z	t817348	list	Retrieved User List
2016-06-17T01:41:56.612Z	t817348	list	Retrieved User List
2016-06-17T01:42:07.883Z	t817348	list	Retrieved User List
2016-06-17T01:43:18.346Z	t817348	list	Retrieved User List
2016-06-17T01:44:07.125Z	t817348	list	Retrieved User List
2016-06-17T01:44:39.347Z	t817348	list	Retrieved User List
2016-06-17T01:46:41.904Z	t817348	list	Retrieved User List
2016-06-17T01:47:03.734Z	t817348	list	Retrieved User List
2016-06-17T01:52:40.797Z	t817348	list	Retrieved User List
2016-06-17T01:53:23.994Z	t817348	list	Retrieved User List
2016-06-17T01:53:45.356Z	t817348	list	Retrieved User List
2016-06-17T01:54:13.661Z	t817348	list	Retrieved User List
2016-06-17T01:56:38.278Z	t817348	list	Retrieved User List
2016-06-17T02:04:03.836Z	t817348	list	Retrieved User List
2016-06-17T02:09:36.930Z	t817348	list	Retrieved User List
2016-06-17T02:49:57.177Z	t817348	list	Retrieved User List
2016-06-17T02:55:49.022Z	t817348	list	Retrieved User List
2016-06-17T03:24:53.116Z	t817348	list	Retrieved User List
2016-06-17T03:28:50.237Z	t817348	list	Retrieved User List
2016-06-17T03:28:56.192Z	t817348	change	Changed User Status of t817348 to Active
2016-06-17T03:29:42.966Z	t817348	register	Register user t813590: User Added Successfully
2016-06-17T03:29:43.043Z	t817348	list	Retrieved User List
2016-06-17T03:29:46.978Z	t817348	delete	Deleted User t813590
2016-06-17T04:11:31.960Z	t817348	list	Retrieved User List
2016-06-17T04:13:14.661Z	t817348	list	Retrieved User List
2016-06-17T04:17:21.733Z	t817348	list	Retrieved User List
2016-06-17T04:18:36.691Z	t817348	list	Retrieved User List
2016-06-17T04:18:52.087Z	t817348	list	Retrieved User List
2016-06-18T21:41:47.507Z	t817348	register	Register user t817348: Error Adding user:The entry uid=t817348,ou=spark,ou=mfa,dc=spark,dc=co,dc=nz cannot be added because an entry with that name already exists
2016-06-18T21:41:47.635Z	t817348	list	Retrieved User List
2016-06-18T21:41:56.881Z	t817348	generate	Generated new Key for  User t817348
2016-06-18T21:49:24.418Z	t817348	list	Retrieved User List
2016-06-18T21:49:51.621Z	t817348	list	Retrieved User List
2016-06-18T21:51:00.376Z	t817348	list	Retrieved User List
2016-06-18T21:53:13.242Z	t817348	list	Retrieved User List
2016-06-18T22:00:34.968Z	t817348	list	Retrieved User List
2016-06-18T22:00:58.503Z	t817348	list	Retrieved User List
2016-06-18T22:03:27.198Z	t817348	list	Retrieved User List
2016-06-18T22:06:02.916Z	t817348	list	Retrieved User List
2016-06-18T22:06:21.941Z	t817348	list	Retrieved User List
2016-06-18T22:07:24.047Z	t817348	list	Retrieved User List
2016-06-18T22:07:35.088Z	t817348	list	Retrieved User List
2016-06-18T22:07:44.173Z	t817348	list	Retrieved User List
2016-06-18T22:08:07.221Z	t817348	list	Retrieved User List
2016-06-18T22:08:18.348Z	t817348	register	Register user t813590: User Added Successfully
2016-06-18T22:08:18.507Z	t817348	list	Retrieved User List
2016-06-18T22:08:21.685Z	t817348	delete	Deleted User t813590
2016-06-18T22:08:26.674Z	t817348	history	Retrieved Audit Log
2016-06-18T22:08:29.212Z	t817348	list	Retrieved User List
2016-06-18T22:36:44.299Z	t817348	list	Retrieved User List
2016-06-18T22:39:02.897Z	t817348	list	Retrieved User List
2016-06-18T22:39:09.149Z	t817348	list	Retrieved User List
2016-06-18T23:35:35.936Z	t817348	list	Retrieved User List
2016-06-18T23:36:16.097Z	t817348	list	Retrieved User List
2016-06-18T23:37:53.071Z	t817348	list	Retrieved User List
2016-06-18T23:38:57.318Z	t817348	list	Retrieved User List
2016-06-18T23:58:50.749Z	t817348	list	Retrieved User List
2016-06-18T23:58:56.475Z	t817348	change	Changed User Status of t817348 to Suspended
2016-06-18T23:58:59.002Z	t817348	change	Changed User Status of t817348 to Active
2016-06-18T23:59:06.482Z	t817348	register	Register user t817348: Error Adding user:The entry uid=t817348,ou=spark,ou=mfa,dc=spark,dc=co,dc=nz cannot be added because an entry with that name already exists
2016-06-18T23:59:07.168Z	t817348	list	Retrieved User List
2016-06-19T00:00:37.779Z	t817348	list	Retrieved User List
2016-06-19T00:01:04.268Z	t817348	list	Retrieved User List
2016-06-19T00:01:38.357Z	t817348	list	Retrieved User List
2016-06-19T00:04:46.736Z	t817348	list	Retrieved User List
2016-06-19T00:05:26.910Z	t817348	list	Retrieved User List
2016-06-19T00:05:48.197Z	t817348	list	Retrieved User List
2016-06-19T00:06:32.222Z	t817348	generate	Generated new Key for  User t817348
2016-06-19T00:06:37.013Z	t817348	type	Changed Token Type for  User t817348 to Soft
2016-06-19T00:06:44.667Z	t817348	list	Retrieved User List
2016-06-19T00:07:15.893Z	t817348	history	Retrieved Audit Log
2016-06-19T00:07:20.266Z	t817348	list	Retrieved User List
2016-06-19T00:07:21.294Z	t817348	history	Retrieved Audit Log
2016-06-19T00:07:23.486Z	t817348	list	Retrieved User List
2016-06-19T00:15:34.321Z	t817348	list	Retrieved User List
2016-06-19T00:15:36.372Z	t817348	history	Retrieved Audit Log
2016-06-19T00:15:57.258Z	t817348	list	Retrieved User List
2016-06-19T01:17:22.950Z	t817348	list	Retrieved Personal Token
2016-06-19T01:18:10.306Z	t817348	list	Retrieved User List
2016-06-19T01:18:16.285Z	t817348	list	Retrieved Personal Token
2016-06-19T01:19:21.216Z	t817348	list	Retrieved User List
2016-06-19T01:21:50.293Z	t817348	list	Retrieved Personal Token
2016-06-19T01:22:21.128Z	t817348	list	Retrieved Personal Token
2016-06-19T01:23:18.526Z	t817348	list	Retrieved Personal Token
2016-06-19T01:24:17.998Z	t817348	list	Retrieved Personal Token
2016-06-19T01:25:04.115Z	t817348	list	Retrieved Personal Token
2016-06-19T01:25:17.441Z	t817348	list	Retrieved Personal Token
2016-06-19T01:25:29.165Z	t817348	list	Retrieved Personal Token
2016-06-19T01:26:10.472Z	t817348	list	Retrieved Personal Token
2016-06-19T01:26:20.494Z	t817348	list	Retrieved Personal Token
2016-06-19T01:27:01.042Z	t817348	list	Retrieved Personal Token
2016-06-19T01:27:25.355Z	t817348	list	Retrieved Personal Token
2016-06-19T01:27:58.539Z	t817348	list	Retrieved Personal Token
2016-06-19T01:28:18.471Z	t817348	list	Retrieved Personal Token
2016-06-19T01:29:40.498Z	t817348	list	Retrieved Personal Token
2016-06-19T01:30:21.302Z	t817348	list	Retrieved Personal Token
2016-06-19T01:30:31.906Z	t817348	list	Retrieved User List
2016-06-19T01:32:14.332Z	t817348	list	Retrieved User List
2016-06-19T01:32:26.798Z	t817348	list	Retrieved Personal Token
2016-06-19T01:32:53.743Z	t817348	list	Retrieved Personal Token
2016-06-19T01:33:19.052Z	t817348	list	Retrieved Personal Token
2016-06-19T01:33:29.557Z	t817348	list	Retrieved Personal Token
2016-06-19T01:33:41.061Z	t817348	list	Retrieved Personal Token
2016-06-19T01:33:51.987Z	t817348	list	Retrieved Personal Token
2016-06-19T01:36:33.359Z	t817348	list	Retrieved Personal Token
2016-06-19T01:36:59.577Z	t817348	list	Retrieved Personal Token
2016-06-19T01:38:03.988Z	t817348	list	Retrieved Personal Token
2016-06-19T01:39:20.661Z	t817348	list	Retrieved Personal Token
2016-06-19T01:39:34.493Z	t817348	list	Retrieved Personal Token
2016-06-19T01:39:43.736Z	t817348	list	Retrieved Personal Token
2016-06-19T01:39:53.272Z	t817348	list	Retrieved Personal Token
2016-06-19T01:57:36.239Z	t817348	list	Retrieved Personal Token
2016-06-19T01:58:53.149Z	t817348	list	Retrieved Personal Token
2016-06-19T01:59:49.264Z	t817348	list	Retrieved Personal Token
2016-06-19T02:01:49.200Z	t817348	list	Retrieved Personal Token
2016-06-19T02:02:25.278Z	t817348	list	Retrieved Personal Token
2016-06-19T02:02:38.285Z	t817348	list	Retrieved Personal Token
2016-06-19T02:05:28.643Z	t817348	list	Retrieved Personal Token
2016-06-19T02:07:17.679Z	t817348	list	Retrieved Personal Token
2016-06-19T02:08:10.171Z	t817348	list	Retrieved Personal Token
2016-06-19T02:08:59.332Z	t817348	list	Retrieved Personal Token
2016-06-19T02:09:16.387Z	t817348	list	Retrieved Personal Token
2016-06-19T02:20:52.551Z	t817348	list	Retrieved User List
2016-06-19T02:20:58.111Z	t817348	change	Changed User Status of t817348 to Suspended
2016-06-19T02:21:01.237Z	t817348	change	Changed User Status of t817348 to Active
2016-06-19T02:25:02.610Z	t817348	list	Retrieved User List
2016-06-19T02:43:24.972Z	t817348	register	Register user T813590: User Added Successfully
2016-06-19T02:43:25.125Z	t817348	list	Retrieved User List
2016-06-19T02:43:42.645Z	t817348	change	Changed User Status of T813590 to Suspended
2016-06-19T02:43:59.911Z	t817348	change	Changed User Status of T813590 to Active
2016-06-19T02:44:05.569Z	t817348	generate	Generated new Key for  User T813590
2016-06-19T02:44:18.411Z	t817348	change	Changed User Status of T813590 to Suspended
2016-06-19T03:04:46.308Z	t817348	list	Retrieved Personal Token
2016-06-19T08:07:44.153Z	t817348	list	Retrieved Personal Token
2016-06-19T08:08:21.940Z	t817348	list	Retrieved Personal Token
2016-06-19T08:14:11.749Z	t817348	list	Retrieved Personal Token
2016-06-19T08:15:26.619Z	t817348	list	Retrieved Personal Token
2016-06-19T08:16:18.650Z	t817348	list	Retrieved Personal Token
2016-06-19T08:16:39.873Z	t817348	list	Retrieved User List
2016-06-19T08:19:10.230Z	t817348	list	Retrieved User List
2016-06-19T08:19:19.838Z	t817348	list	Retrieved User List
2016-06-19T08:19:25.220Z	t817348	delete	Deleted User T813590
2016-06-19T08:19:27.474Z	t817348	history	Retrieved Audit Log
2016-06-20T00:10:44.149Z	t817348	list	Retrieved User List
2016-06-20T00:11:37.014Z	t817348	list	Retrieved User List
2016-06-20T00:11:45.500Z	t817348	assign	Failed to retrieve new token for User t817348: Unable to grab a new token: [object Object]
2016-06-20T00:12:49.442Z	t817348	history	Retrieved Audit Log
2016-06-20T02:11:47.139Z	t817348	list	Retrieved User List
2016-06-20T02:15:50.420Z	t817348	list	Retrieved User List
2016-06-20T02:15:54.045Z	t817348	change	Changed User Status of t817348 to Suspended
2016-06-20T02:16:08.498Z	t817348	change	Changed User Status of t817348 to Suspended
2016-06-20T02:17:55.875Z	t817348	list	Retrieved User List
2016-06-20T02:18:05.716Z	t817348	change	Changed User Status of t817348 to Active
2016-06-20T02:18:11.783Z	t817348	list	Retrieved User List
2016-06-20T02:18:17.495Z	t817348	change	Changed User Status of t817348 to Suspended
2016-06-20T02:18:41.453Z	t817348	change	Changed User Status of t817348 to Suspended
2016-06-20T02:18:42.191Z	t817348	list	Retrieved User List
2016-06-20T02:19:14.206Z	t817348	list	Retrieved User List
2016-06-20T02:19:24.566Z	t817348	change	Changed User Status of t817348 to Active
2016-06-20T02:23:19.747Z	t817348	list	Retrieved User List
2016-06-20T02:23:22.682Z	t817348	change	Changed User Status of t817348 to Suspended
2016-06-20T02:26:41.319Z	t817348	list	Retrieved User List
2016-06-20T02:26:45.080Z	t817348	change	Changed User Status of t817348 to Active
2016-06-20T02:26:49.435Z	t817348	change	Changed User Status of t817348 to Suspended
2016-06-20T02:26:58.074Z	t817348	delete	Deleted User t810991
2016-06-20T02:27:14.125Z	t817348	change	Changed User Status of t817348 to Active
2016-06-20T02:27:20.986Z	t817348	type	Changed Token Type for  User t817348 to Hard
2016-06-20T02:36:12.384Z	t817348	assign	Retrieved new token for User t817348
2016-06-20T02:39:05.076Z	t817348	assign	Failed to retrieve new token for User t817348: Unable to assign token to user: TypeError: Cannot read property 'toString' of undefined
2016-06-20T02:39:05.095Z	t817348	assign	Failed to retrieve new token for User t817348: Unable to assign token to user: TypeError: Cannot read property 'toString' of undefined,Error Modifying User: Entry uid=t817348,ou=spark,ou=mfa,dc=spark,dc=co,dc=nz cannot be modified because the resulting entry would have violated the server schema: Entry uid=t817348,ou=spark,ou=mfa,dc=spark,dc=co,dc=nz violates the Directory Server schema configuration because it includes attribute sptotpserial which is not allowed by any of the objectclasses defined in that entry
2016-06-20T02:39:44.008Z	t817348	assign	Failed to retrieve new token for User t817348: Unable to assign token to user: TypeError: Cannot read property 'toString' of undefined
2016-06-20T02:39:44.023Z	t817348	assign	Failed to retrieve new token for User t817348: Unable to assign token to user: TypeError: Cannot read property 'toString' of undefined,Error Modifying User: Entry uid=t817348,ou=spark,ou=mfa,dc=spark,dc=co,dc=nz cannot be modified because the resulting entry would have violated the server schema: Entry uid=t817348,ou=spark,ou=mfa,dc=spark,dc=co,dc=nz violates the Directory Server schema configuration because it includes attribute sptotpserial which is not allowed by any of the objectclasses defined in that entry
2016-06-20T02:40:37.647Z	t817348	assign	Failed to retrieve new token for User t817348: Unable to assign token to user: TypeError: Cannot read property 'toString' of undefined
2016-06-20T02:43:10.752Z	t817348	assign	Failed to retrieve new token for User t817348: Unable to assign token to user: Error Modifying User: Entry uid=t817348,ou=spark,ou=mfa,dc=spark,dc=co,dc=nz cannot be modified because the resulting entry would have violated the server schema: Entry uid=t817348,ou=spark,ou=mfa,dc=spark,dc=co,dc=nz violates the Directory Server schema configuration because it includes attribute 0 which is not allowed by any of the objectclasses defined in that entry,Error Modifying User: Entry uid=t817348,ou=spark,ou=mfa,dc=spark,dc=co,dc=nz cannot be modified because the resulting entry would have violated the server schema: Entry uid=t817348,ou=spark,ou=mfa,dc=spark,dc=co,dc=nz violates the Directory Server schema configuration because it includes attribute 1 which is not allowed by any of the objectclasses defined in that entry
2016-06-20T02:45:33.696Z	t817348	assign	Retrieved new token for User t817348
2016-06-20T02:46:08.408Z	t817348	assign	Retrieved new token for User t817348
2016-06-20T02:48:40.453Z	t817348	assign	Failed to retrieve new token for User t817348: Unable to assign token to user: ReferenceError: t is not defined
2016-06-20T02:50:31.429Z	t817348	assign	Failed to retrieve new token for User t817348: Unable to assign token to user: Error: Only one attribute per Change allowed
2016-06-20T02:53:05.387Z	t817348	assign	Failed to retrieve new token for User t817348: Unable to assign token to user: TypeError: Cannot read property 'toString' of undefined
2016-06-20T02:54:35.113Z	t817348	assign	Failed to retrieve new token for User t817348: Unable to assign token to user: TypeError: Cannot read property 'toString' of undefined
2016-06-20T02:54:53.785Z	t817348	assign	Failed to retrieve new token for User t817348: Unable to assign token to user: TypeError: Cannot read property 'toString' of undefined
2016-06-20T02:55:32.320Z	t817348	assign	Failed to retrieve new token for User t817348: Unable to assign token to user: TypeError: Cannot read property 'toString' of undefined
2016-06-20T02:55:52.709Z	t817348	assign	Failed to retrieve new token for User t817348: Unable to assign token to user: TypeError: Cannot read property 'toString' of undefined
2016-06-20T02:56:27.966Z	t817348	assign	Failed to retrieve new token for User t817348: Unable to assign token to user: TypeError: Cannot read property 'toString' of undefined
2016-06-20T02:58:31.555Z	t817348	assign	Failed to retrieve new token for User t817348: Unable to assign token to user: Error Modifying User: Entry uid=t817348,ou=spark,ou=mfa,dc=spark,dc=co,dc=nz cannot be modified because the resulting entry would have violated the server schema: Entry uid=t817348,ou=spark,ou=mfa,dc=spark,dc=co,dc=nz violates the Directory Server schema configuration because it includes attribute sptotpserial which is not allowed by any of the objectclasses defined in that entry
2016-06-20T02:59:08.279Z	t817348	assign	Retrieved new token for User t817348
2016-06-20T02:59:18.727Z	t817348	list	Retrieved User List
2016-06-20T02:59:30.600Z	t817348	list	Retrieved User List
2016-06-20T02:59:33.813Z	t817348	assign	Retrieved new token for User t817348
2016-06-20T02:59:51.891Z	t817348	list	Retrieved User List
2016-06-20T02:59:55.385Z	t817348	change	Changed User Status of t817348 to Suspended
2016-06-20T03:12:30.705Z	t817348	list	Retrieved User List
2016-06-20T03:13:07.469Z	t817348	list	Retrieved User List
2016-06-20T03:13:11.227Z	t817348	change	Changed User Status of t817348 to Suspended
2016-06-20T03:13:13.872Z	t817348	list	Retrieved User List
2016-06-20T03:13:21.468Z	t817348	list	Retrieved User List
2016-06-20T03:13:25.819Z	t817348	change	Changed User Status of t817348 to Suspended
2016-06-20T03:14:33.752Z	t817348	change	Changed User Status of t817348 to Suspended
2016-06-20T03:15:11.941Z	t817348	change	Changed User Status of t817348 to Suspended
2016-06-20T03:15:40.281Z	t817348	change	Changed User Status of t817348 to Suspended
2016-06-20T03:16:22.401Z	t817348	change	Changed User Status of t817348 to Suspended
2016-06-20T03:16:59.842Z	t817348	change	Changed User Status of t817348 to Suspended
2016-06-20T03:17:02.824Z	t817348	list	Retrieved User List
2016-06-20T03:17:04.646Z	t817348	change	Changed User Status of t817348 to Active
2016-06-20T03:17:06.120Z	t817348	list	Retrieved User List
2016-06-20T03:17:16.333Z	t817348	register	Register user T813590: User Added Successfully
2016-06-20T03:17:16.381Z	t817348	list	Retrieved User List
2016-06-20T03:17:18.518Z	t817348	change	Changed User Status of T813590 to Suspended
2016-06-20T03:17:20.235Z	t817348	delete	Deleted User T813590
2016-06-20T03:17:22.450Z	t817348	list	Retrieved User List
2016-06-20T03:17:28.480Z	t817348	type	Changed Token Type for  User t817348 to Soft
2016-06-20T03:17:30.078Z	t817348	list	Retrieved User List
2016-06-20T03:17:33.548Z	t817348	assign	Retrieved new token for User t817348
2016-06-20T03:17:48.504Z	t817348	list	Retrieved User List
2016-06-20T03:17:53.038Z	t817348	assign	Retrieved new token for User t817348
2016-06-20T03:17:57.458Z	t817348	list	Retrieved User List
2016-06-20T03:22:13.010Z	t817348	assign	Retrieved new token for User t817348
2016-06-20T03:23:28.734Z	t817348	list	Retrieved User List
2016-06-20T03:23:37.857Z	t817348	list	Retrieved User List
2016-06-20T03:23:41.775Z	t817348	assign	Retrieved new token for User t817348
2016-06-20T04:41:19.941Z	t817348	list	Retrieved User List
2016-06-20T04:41:32.067Z	t817348	list	Retrieved Personal Token
2016-06-20T04:49:33.645Z	t817348	list	Retrieved Personal Token
2016-06-20T04:58:24.054Z	t817348	list	Retrieved Personal Token
2016-06-20T05:01:02.541Z	t817348	list	Retrieved Personal Token
2016-06-20T05:01:09.897Z	t817348	list	Retrieved Personal Token
2016-06-20T05:01:22.256Z	t817348	list	Retrieved Personal Token
2016-06-20T05:01:33.844Z	t817348	list	Retrieved User List
2016-06-20T05:01:36.824Z	t817348	generate	Generated new Key for  User t817348
2016-06-20T05:02:03.615Z	t817348	list	Retrieved Personal Token
2016-06-20T05:04:19.676Z	t817348	list	Retrieved Personal Token
2016-06-20T05:12:39.107Z	t817348	list	Retrieved Personal Token
2016-06-20T05:13:34.963Z	t817348	list	Retrieved User List
2016-06-20T05:13:37.394Z	t817348	generate	Generated new Key for  User t817348
2016-06-20T05:14:55.298Z	t817348	list	Retrieved User List
2016-06-20T05:14:58.106Z	t817348	generate	Generated new Key for  User t817348
2016-06-20T05:20:05.271Z	t817348	generate	Generated new Key for  User t817348
2016-06-20T05:21:09.614Z	t817348	generate	Generated new Key for  User t817348
2016-06-20T05:24:04.735Z	t817348	generate	Generated new Key for  User t817348
2016-06-20T05:38:14.267Z	t817348	generate	Generated new Key for  User t817348
2016-06-20T05:39:20.159Z	t817348	generate	Generated new Key for  User t817348
2016-06-20T05:40:15.091Z	t817348	generate	Generated new Key for  User t817348
2016-06-20T05:41:33.704Z	t817348	generate	Generated new Key for  User t817348
2016-06-20T05:42:36.920Z	t817348	generate	Generated new Key for  User t817348
2016-06-20T05:43:14.740Z	t817348	list	Retrieved User List
2016-06-20T05:43:18.579Z	t817348	generate	Generated new Key for  User t817348
2016-06-20T05:43:20.883Z	t817348	generate	Generated new Key for  User t817348
2016-06-20T05:43:29.724Z	t817348	generate	Generated new Key for  User t817348
2016-06-20T05:44:39.676Z	t817348	generate	Generated new Key for  User t817348
2016-06-20T05:45:35.327Z	t817348	list	Retrieved Personal Token
2016-06-20T05:46:18.946Z	t817348	list	Retrieved Personal Token
2016-06-20T05:49:17.645Z	t817348	list	Retrieved User List
2016-06-20T05:49:25.224Z	t817348	generate	Generated new Key for  User t817348
2016-06-20T05:52:05.260Z	t817348	generate	Generated new Key for  User t817348
2016-06-20T05:52:50.459Z	t817348	generate	Generated new Key for  User t817348
2016-06-20T05:53:04.991Z	t817348	generate	Generated new Key for  User t817348
2016-06-20T05:54:21.051Z	t817348	generate	Generated new Key for  User t817348
2016-06-20T05:54:23.124Z	t817348	generate	Generated new Key for  User t817348
2016-06-20T05:56:23.064Z	t817348	generate	Generated new Key for  User t817348
2016-06-20T05:56:26.570Z	t817348	generate	Generated new Key for  User t817348
2016-06-20T05:56:28.271Z	t817348	generate	Generated new Key for  User t817348
2016-06-20T05:56:32.402Z	t817348	generate	Generated new Key for  User t817348
2016-06-20T05:56:33.948Z	t817348	generate	Generated new Key for  User t817348
2016-06-20T05:56:42.359Z	t817348	generate	Generated new Key for  User t817348
2016-06-20T05:56:44.483Z	t817348	generate	Generated new Key for  User t817348
2016-06-20T05:56:48.588Z	t817348	generate	Generated new Key for  User t817348
2016-06-20T06:01:19.145Z	t817348	generate	Generated new Key for  User t817348
2016-06-20T06:01:35.068Z	t817348	generate	Generated new Key for  User t817348
2016-06-20T06:01:37.183Z	t817348	generate	Generated new Key for  User t817348
2016-06-20T06:01:39.606Z	t817348	generate	Generated new Key for  User t817348
2016-06-20T06:01:41.728Z	t817348	generate	Generated new Key for  User t817348
2016-06-20T06:01:44.648Z	t817348	generate	Generated new Key for  User t817348
2016-06-20T06:03:04.922Z	t817348	generate	Generated new Key for  User t817348
2016-06-20T06:03:06.707Z	t817348	generate	Generated new Key for  User t817348
2016-06-20T06:03:08.544Z	t817348	generate	Generated new Key for  User t817348
2016-06-20T06:03:10.227Z	t817348	generate	Generated new Key for  User t817348
2016-06-20T06:03:11.824Z	t817348	generate	Generated new Key for  User t817348
2016-06-20T06:03:13.306Z	t817348	generate	Generated new Key for  User t817348
2016-06-20T06:03:36.117Z	t817348	list	Retrieved Personal Token
2016-06-20T06:07:24.418Z	t817348	list	Retrieved Personal Token
2016-06-20T06:08:49.857Z	t817348	list	Retrieved Personal Token
2016-06-20T06:09:17.597Z	t817348	list	Retrieved Personal Token
2016-06-20T06:09:58.763Z	t817348	list	Retrieved Personal Token
2016-06-20T06:10:19.463Z	t817348	list	Retrieved Personal Token
2016-06-20T06:11:19.595Z	t817348	list	Retrieved Personal Token
2016-06-20T09:21:43.774Z	t817348	list	Retrieved Personal Token
2016-06-20T09:22:41.451Z	t817348	list	Retrieved User List
2016-06-20T09:27:22.344Z	t817348	assign	Retrieved new token for User t817348
2016-06-20T09:28:29.814Z	t817348	assign	Retrieved new token for User t817348
2016-06-20T09:30:27.213Z	t817348	list	Retrieved User List
2016-06-20T09:30:31.036Z	t817348	assign	Retrieved new token for User t817348
2016-06-20T09:31:06.454Z	t817348	assign	Retrieved new token for User t804729
2016-06-20T09:44:54.041Z	t817348	list	Retrieved User List
2016-06-20T09:44:57.033Z	t817348	assign	Retrieved new token for User t804729
2016-06-20T09:45:37.509Z	t817348	list	Retrieved User List
2016-06-20T09:46:02.181Z	t817348	list	Retrieved User List
2016-06-20T09:47:04.029Z	t817348	assign	Failed to retrieve new token for User t804729: Unable to grab a new token: [object Object]
2016-06-20T09:47:18.336Z	t817348	assign	Failed to retrieve new token for User t804729: Unable to grab a new token: [object Object]
2016-06-20T09:48:26.438Z	t817348	assign	Failed to retrieve new token for User t804729: Unable to grab a new token: [object Object]
2016-06-20T09:48:29.757Z	t817348	list	Retrieved User List
2016-06-20T09:48:32.205Z	t817348	assign	Failed to retrieve new token for User t804729: Unable to grab a new token: [object Object]
2016-06-20T09:49:17.859Z	t817348	assign	Failed to retrieve new token for User t817348: Unable to grab a new token: [object Object]
2016-06-20T09:53:43.752Z	t817348	assign	Failed to retrieve new token for User t804729: Unable to grab a new token: [object Object]
2016-06-20T09:54:40.936Z	t817348	assign	Failed to retrieve new token for User t804729: Unable to grab a new token: undefined
2016-06-20T09:54:42.497Z	t817348	history	Retrieved Audit Log
2016-06-20T09:55:10.135Z	t817348	assign	Failed to retrieve new token for User t804729: Unable to grab a new token: [object Object]
2016-06-20T09:55:47.707Z	t817348	assign	Retrieved new token for User t804729
2016-06-20T09:55:52.295Z	t817348	assign	Retrieved new token for User t817348
2016-06-20T09:55:59.029Z	t817348	assign	Retrieved new token for User t819135
2016-06-20T09:57:48.665Z	t817348	assign	Retrieved new token for User t817348
2016-06-20T10:00:09.506Z	t817348	assign	Retrieved new token for User t804729
2016-06-20T10:03:05.785Z	t817348	assign	Retrieved new token for User t804729
2016-06-20T23:07:29.577Z	t817348	list	Retrieved User List
2016-06-20T23:07:40.563Z	t817348	assign	Retrieved new token for User googi
2016-06-20T23:07:46.324Z	t817348	list	Retrieved User List
2016-06-20T23:10:25.596Z	t817348	list	Retrieved User List
2016-06-20T23:10:29.932Z	t817348	assign	Retrieved new token for User googi
2016-06-20T23:10:31.466Z	t817348	list	Retrieved User List
2016-06-20T23:12:57.202Z	t817348	list	Retrieved User List
2016-06-20T23:14:27.201Z	t817348	list	Retrieved User List
2016-06-20T23:14:51.619Z	t817348	list	Retrieved User List
2016-06-20T23:15:40.786Z	t817348	list	Retrieved User List
2016-06-20T23:15:49.857Z	t817348	list	Retrieved User List
2016-06-20T23:19:29.574Z	t817348	list	Retrieved User List
2016-06-20T23:19:48.896Z	t817348	list	Retrieved User List
2016-06-20T23:54:23.469Z	t817348	list	Retrieved User List
2016-06-20T23:54:37.535Z	t817348	assign	Retrieved new token for User googi
2016-06-20T23:54:40.853Z	t817348	list	Retrieved User List
2016-06-20T23:55:03.688Z	t817348	list	Retrieved User List
2016-06-20T23:55:05.982Z	t817348	assign	Retrieved new token for User googi
2016-06-20T23:56:19.511Z	t817348	assign	Retrieved new token for User googi
2016-06-20T23:56:59.261Z	t817348	list	Retrieved User List
2016-06-20T23:57:43.186Z	t817348	list	Retrieved User List
2016-06-20T23:57:58.704Z	t817348	list	Retrieved User List
2016-06-20T23:58:12.673Z	t817348	list	Retrieved User List
2016-06-20T23:58:31.507Z	t817348	list	Retrieved User List
2016-06-20T23:58:56.281Z	t817348	type	Changed Token Type for  User t816654 to Soft
2016-06-20T23:58:59.388Z	t817348	list	Retrieved User List
2016-06-20T23:59:13.947Z	t817348	register	Register user T813590: User Added Successfully
2016-06-20T23:59:14.113Z	t817348	list	Retrieved User List
2016-06-21T00:03:39.156Z	t817348	list	Retrieved User List
2016-06-21T00:03:41.239Z	t817348	delete	Deleted User T813590
2016-06-21T00:08:50.382Z	t817348	list	Retrieved User List
2016-06-21T00:09:43.255Z	t817348	list	Retrieved User List
2016-06-21T00:11:18.327Z	t817348	list	Retrieved User List
2016-06-21T00:12:16.204Z	t817348	list	Retrieved User List
2016-06-21T00:13:15.544Z	t817348	register	Register user T813590: User Added Successfully
2016-06-21T00:13:15.609Z	t817348	list	Retrieved User List
2016-06-21T00:14:04.015Z	t817348	register	Register user T813590: Error Adding user:The entry uid=T813590,ou=spark,ou=mfa,dc=spark,dc=co,dc=nz cannot be added because an entry with that name already exists
2016-06-21T00:14:04.127Z	t817348	list	Retrieved User List
2016-06-21T00:15:07.924Z	t817348	delete	Deleted User T813590
2016-06-21T00:15:27.115Z	t817348	register	Register user T813590: User Added Successfully
2016-06-21T00:15:27.217Z	t817348	list	Retrieved User List
2016-06-21T00:16:23.024Z	t817348	register	Register user T813590: User Added Successfully
2016-06-21T00:16:23.026Z	t817348	register	Register user T817348: Error Adding user:The entry uid=T473608,ou=spark,ou=mfa,dc=spark,dc=co,dc=nz cannot be added because an entry with that name already exists
2016-06-21T00:16:23.027Z	t817348	register	Register user T473608: Error Adding user:The entry uid=T473608,ou=spark,ou=mfa,dc=spark,dc=co,dc=nz cannot be added because an entry with that name already exists
2016-06-21T00:16:23.150Z	t817348	list	Retrieved User List
2016-06-21T00:16:39.305Z	t817348	delete	Deleted User T473608
2016-06-21T00:16:41.406Z	t817348	change	Changed User Status of T813590 to Suspended
2016-06-21T00:16:54.721Z	t817348	change	Changed User Status of T813590 to Active
2016-06-21T00:53:59.361Z	t817348	list	Retrieved User List
2016-06-21T01:00:51.291Z	t817348	list	Retrieved User List
2016-06-21T01:00:56.310Z	t817348	assign	Retrieved new token for User T813590
2016-06-21T01:00:58.865Z	t817348	assign	Retrieved new token for User T813590
2016-06-21T01:09:33.199Z	t817348	delete	Deleted User T813590
2016-06-21T01:09:38.128Z	t817348	assign	Retrieved new token for User t817348
2016-06-21T01:34:59.550Z	t817348	assign	Retrieved new token for User googi
2016-06-21T01:35:38.666Z	t817348	assign	Retrieved new token for User googi
2016-06-21T01:35:54.929Z	t817348	assign	Retrieved new token for User googi
2016-06-21T01:40:23.709Z	t817348	assign	Retrieved new token for User googi
2016-06-21T01:40:43.828Z	t817348	assign	Retrieved new token for User t817348
2016-06-21T01:40:54.064Z	t817348	assign	Retrieved new token for User t804729
2016-06-21T01:40:56.386Z	t817348	assign	Retrieved new token for User t819135
2016-06-21T01:47:44.188Z	t817348	assign	Retrieved new token for User t817348
2016-06-21T01:54:04.481Z	t817348	list	Retrieved User List
2016-06-21T01:54:12.699Z	t817348	assign	Retrieved new token for User t817348
2016-06-21T01:55:49.317Z	t817348	assign	Retrieved new token for User t817348
2016-06-21T01:56:36.536Z	t817348	assign	Retrieved new token for User t817348
2016-06-21T01:58:45.519Z	t817348	list	Retrieved User List
2016-06-21T01:58:48.675Z	t817348	assign	Retrieved new token for User t817348
2016-06-21T01:59:06.869Z	t817348	assign	Retrieved new token for User t817348
2016-06-21T02:03:50.259Z	t817348	assign	Retrieved new token for User t817348
2016-06-21T02:04:00.325Z	t817348	assign	Retrieved new token for User t819135
2016-06-21T02:04:06.406Z	t817348	assign	Retrieved new token for User googi
2016-06-21T02:05:57.070Z	t817348	register	Register user T965526: User Added Successfully
2016-06-21T02:05:57.070Z	t817348	register	Register user T817484: Error Adding user:The entry uid=T817484,ou=spark,ou=mfa,dc=spark,dc=co,dc=nz cannot be added because an entry with that name already exists
2016-06-21T02:05:57.273Z	t817348	list	Retrieved User List
2016-06-21T02:06:44.675Z	t817348	history	Retrieved Audit Log
2016-06-21T02:07:17.522Z	t817348	list	Retrieved User List
2016-06-21T02:08:01.292Z	t817348	delete	Deleted User t963384
2016-06-21T02:08:03.556Z	t817348	history	Retrieved Audit Log
2016-06-21T02:08:08.289Z	t817348	list	Retrieved User List
2016-06-21T02:08:15.483Z	t817348	register	Register user T963384: User Added Successfully
2016-06-21T02:08:15.635Z	t817348	list	Retrieved User List
2016-06-21T02:12:36.017Z	t817348	list	Retrieved User List
2016-06-21T02:13:15.909Z	t817348	delete	Deleted User T817484
2016-06-21T02:13:18.372Z	t817348	list	Retrieved User List
2016-06-21T02:13:49.818Z	t817348	delete	Deleted User googi
2016-06-21T02:14:09.560Z	t817348	delete	Deleted User t804729
2016-06-21T02:14:20.145Z	t817348	delete	Deleted User t816654
2016-06-21T02:14:27.723Z	t817348	register	Register user T816654: User Added Successfully
2016-06-21T02:14:27.870Z	t817348	list	Retrieved User List
2016-06-21T02:16:04.611Z	t817348	list	Retrieved Personal Token
2016-06-21T02:19:52.427Z	t817348	list	Retrieved User List
2016-06-21T02:20:31.612Z	t817348	type	Changed Token Type for  User t817348 to Soft
2016-06-21T02:23:09.584Z	t817348	list	Retrieved User List
2016-06-21T02:23:37.109Z	t817348	list	Retrieved User List
2016-06-21T02:23:58.165Z	t817348	list	Retrieved User List
2016-06-21T02:24:21.118Z	t817348	delete	Deleted User yubi
2016-06-21T02:24:22.019Z	t817348	delete	Deleted User forti
2016-06-21T02:24:24.474Z	t817348	delete	Deleted User t820834
2016-06-21T02:24:25.434Z	t817348	delete	Deleted User t816534
2016-06-21T02:25:11.301Z	t817348	register	Register user T965526: User Added Successfully
2016-06-21T02:25:12.227Z	t817348	list	Retrieved User List
2016-06-21T02:25:48.591Z	t817348	delete	Deleted User t817348
2016-06-21T02:25:54.997Z	t817348	register	Register user T817348: User Added Successfully
2016-06-21T02:25:55.110Z	t817348	list	Retrieved User List
2016-06-21T02:26:16.855Z	t817348	assign	Retrieved new token for User t819135
2016-06-21T02:26:31.146Z	t817348	delete	Deleted User t819135
2016-06-21T02:26:45.358Z	t817348	register	Register user T817484: User Added Successfully
2016-06-21T02:26:45.487Z	t817348	list	Retrieved User List
2016-06-21T02:27:45.315Z	t817348	list	Retrieved User List
2016-06-21T02:29:25.798Z	t817348	assign	Retrieved new token for User T817484
2016-06-21T02:29:29.357Z	t817348	history	Retrieved Audit Log
2016-06-21T02:30:43.562Z	t817348	history	Retrieved Audit Log
2016-06-21T02:40:26.134Z	t817348	list	Retrieved User List
2016-06-21T02:40:31.802Z	t817348	list	Retrieved User List
2016-06-21T02:40:35.764Z	t817348	assign	Retrieved new token for User T817484
2016-06-21T02:41:34.869Z	t817348	list	Retrieved User List
2016-06-21T02:41:40.482Z	t817348	assign	Retrieved new token for User T817484
2016-06-21T02:42:03.122Z	t817348	list	Retrieved User List
2016-06-21T02:44:17.900Z	t817348	list	Retrieved User List
2016-06-21T02:44:23.610Z	t817348	assign	Retrieved new token for User T817484
2016-06-21T02:44:27.701Z	t817348	assign	Retrieved new token for User T817484
2016-06-21T02:50:29.029Z	t817348	list	Retrieved User List
2016-06-21T02:51:42.344Z	t817348	list	Retrieved User List
2016-06-21T02:52:06.145Z	t817348	list	Retrieved User List
2016-06-21T02:52:15.106Z	t817348	history	Retrieved Audit Log
2016-06-21T02:52:23.058Z	t817348	list	Retrieved User List
2016-06-21T02:52:27.374Z	t817348	history	Retrieved Audit Log
2016-06-21T02:52:47.064Z	t817348	list	Retrieved User List
2016-06-21T02:54:03.187Z	t817348	list	Retrieved User List
2016-06-21T02:54:29.881Z	t817348	assign	Retrieved new token for User T817484
2016-06-21T02:55:01.879Z	t817348	assign	Retrieved new token for User T817484
2016-06-21T02:55:53.060Z	t817348	assign	Retrieved new token for User T817348
2016-06-21T02:56:09.967Z	t817348	assign	Retrieved new token for User T817348
2016-06-21T02:56:15.336Z	t817348	assign	Retrieved new token for User T817348
2016-06-21T02:56:20.110Z	t817348	assign	Retrieved new token for User T817348
2016-06-21T02:56:24.471Z	t817348	assign	Retrieved new token for User T817348
2016-06-21T02:56:27.266Z	t817348	assign	Retrieved new token for User T817484
2016-06-21T02:56:31.641Z	t817348	assign	Retrieved new token for User T817484
2016-06-21T02:56:37.849Z	t817348	assign	Retrieved new token for User T963384
2016-06-21T02:56:42.776Z	t817348	assign	Retrieved new token for User T963384
2016-06-21T02:57:29.268Z	t817348	assign	Retrieved new token for User T817484
2016-06-21T02:57:31.697Z	t817348	assign	Retrieved new token for User T817484
2016-06-21T02:57:57.303Z	t817348	assign	Retrieved new token for User T817484
2016-06-21T02:58:48.801Z	t817348	assign	Retrieved new token for User T963384
2016-06-21T02:59:23.390Z	t817348	assign	Retrieved new token for User T817484
2016-06-21T02:59:26.504Z	t817348	assign	Retrieved new token for User T817484
2016-06-21T02:59:29.061Z	t817348	assign	Retrieved new token for User T817484
2016-06-21T02:59:32.769Z	t817348	assign	Retrieved new token for User T817348
2016-06-21T02:59:34.999Z	t817348	assign	Retrieved new token for User T817348
2016-06-21T02:59:56.243Z	t817348	assign	Retrieved new token for User T817484
2016-06-21T03:15:32.432Z	t817348	list	Retrieved User List
2016-06-21T03:23:00.018Z	t817348	assign	Retrieved new token for User T817348
2016-06-21T03:23:38.165Z	t817348	assign	Retrieved new token for User T817348
2016-06-21T03:24:28.954Z	t817348	assign	Retrieved new token for User T817348
2016-06-21T03:24:59.265Z	t817348	assign	Retrieved new token for User T817348
2016-06-21T03:25:31.491Z	t817348	assign	Retrieved new token for User T817348
2016-06-21T03:25:59.916Z	t817348	delete	Deleted User T817348
2016-06-21T03:29:03.481Z	t817348	register	Register user T817348: User Added Successfully
2016-06-21T03:29:03.661Z	t817348	list	Retrieved User List
2016-06-21T03:29:10.404Z	t817348	assign	Retrieved new token for User T817348
2016-06-21T03:29:41.464Z	t817348	register	Register user T802493: User Added Successfully
2016-06-21T03:29:41.464Z	t817348	register	Register user T804729: Error Adding user:The entry uid=T804729,ou=spark,ou=mfa,dc=spark,dc=co,dc=nz cannot be added because an entry with that name already exists
2016-06-21T03:29:41.561Z	t817348	list	Retrieved User List
2016-06-21T03:29:45.040Z	t817348	history	Retrieved Audit Log
2016-06-21T03:29:53.479Z	t817348	list	Retrieved User List
2016-06-21T03:30:47.807Z	t817348	history	Retrieved Audit Log
2016-06-21T03:41:07.261Z	t817348	list	Retrieved User List
2016-06-21T03:41:17.499Z	t817348	register	Register user T802493: User Added Successfully
2016-06-21T03:41:17.499Z	t817348	register	Register user T810991: Error Adding user:The entry uid=T810991,ou=spark,ou=mfa,dc=spark,dc=co,dc=nz cannot be added because an entry with that name already exists
2016-06-21T03:41:18.653Z	t817348	list	Retrieved User List
2016-06-21T03:42:29.711Z	t817348	delete	Deleted User T810991
2016-06-21T03:42:31.207Z	t817348	delete	Deleted User T804729
2016-06-21T03:42:40.704Z	t817348	register	Register user T802493: User Added Successfully
2016-06-21T03:42:40.704Z	t817348	register	Register user T804729: Error Adding user:The entry uid=T804729,ou=spark,ou=mfa,dc=spark,dc=co,dc=nz cannot be added because an entry with that name already exists
2016-06-21T03:42:40.832Z	t817348	list	Retrieved User List
2016-06-21T03:54:28.997Z	t817348	delete	Deleted User T804729
2016-06-21T03:54:40.242Z	t817348	register	Register user T804729: User Added Successfully
2016-06-21T03:54:40.242Z	t817348	register	Register user T802493: Error Adding user:The entry uid=T802493,ou=spark,ou=mfa,dc=spark,dc=co,dc=nz cannot be added because an entry with that name already exists
2016-06-21T03:54:40.325Z	t817348	list	Retrieved User List
2016-06-21T04:06:11.053Z	t817348	delete	Deleted User T802493
2016-06-21T04:06:23.455Z	t817348	register	Register user T802493: User Added Successfully
2016-06-21T04:06:23.460Z	t817348	register	Register user T804729: User Added Successfully
2016-06-21T04:06:23.637Z	t817348	list	Retrieved User List
2016-06-21T04:06:27.644Z	t817348	list	Retrieved User List
2016-06-21T04:06:29.811Z	t817348	list	Retrieved User List
2016-06-21T04:06:44.572Z	t817348	delete	Deleted User T802493
2016-06-21T04:06:56.956Z	t817348	delete	Deleted User T804729
2016-06-21T04:07:25.292Z	t817348	delete	Deleted User T802493
2016-06-21T04:08:03.805Z	t817348	delete	Deleted User T802493
2016-06-21T04:09:20.364Z	t817348	delete	Deleted User T802493
2016-06-21T04:09:33.531Z	t817348	delete	Deleted User T802493
2016-06-21T04:09:42.896Z	t817348	delete	Deleted User T802493
2016-06-21T04:11:19.185Z	t817348	delete	Deleted User T802493
2016-06-21T04:11:23.081Z	t817348	delete	Deleted User T802493
2016-06-21T04:11:38.698Z	t817348	delete	Deleted User T802493
2016-06-21T04:11:50.626Z	t817348	delete	Deleted User T802493
2016-06-21T04:12:01.024Z	t817348	delete	Deleted User T802493
2016-06-21T04:12:04.639Z	t817348	delete	Deleted User T802493
2016-06-21T04:12:12.296Z	t817348	delete	Deleted User T802493
2016-06-21T04:12:48.543Z	t817348	delete	Deleted User T802493
2016-06-21T04:12:49.947Z	t817348	delete	Deleted User T804729
2016-06-21T04:13:30.654Z	t817348	register	Register user T802493: User Added Successfully
2016-06-21T04:13:30.722Z	t817348	list	Retrieved User List
2016-06-21T04:13:51.554Z	t817348	delete	Deleted User T802493
2016-06-21T04:14:08.404Z	t817348	register	Register user T802493: User Added Successfully
2016-06-21T04:14:08.404Z	t817348	register	Register user T804729: User Added Successfully
2016-06-21T04:14:08.508Z	t817348	list	Retrieved User List
2016-06-21T04:14:17.442Z	t817348	list	Retrieved User List
2016-06-21T04:15:38.885Z	t817348	list	Retrieved User List
2016-06-21T04:15:41.172Z	t817348	delete	Deleted User T802493
2016-06-21T04:16:46.950Z	t817348	list	Retrieved User List
2016-06-21T04:18:42.990Z	t817348	list	Retrieved User List
2016-06-21T04:18:54.352Z	t817348	list	Retrieved User List
2016-06-21T04:20:25.028Z	t817348	list	Retrieved User List
2016-06-21T04:20:55.386Z	t817348	list	Retrieved User List
2016-06-21T04:21:40.186Z	t817348	list	Retrieved User List
2016-06-21T04:22:02.934Z	t817348	list	Retrieved User List
2016-06-21T04:22:34.070Z	t817348	list	Retrieved User List
2016-06-21T04:24:00.511Z	t817348	list	Retrieved User List
2016-06-21T04:25:07.827Z	t817348	list	Retrieved User List
2016-06-21T04:26:50.174Z	t817348	list	Retrieved User List
2016-06-21T04:26:57.760Z	t817348	list	Retrieved User List
2016-06-21T04:27:25.218Z	t817348	list	Retrieved User List
2016-06-21T04:28:32.806Z	t817348	list	Retrieved User List
2016-06-21T04:29:44.176Z	t817348	list	Retrieved User List
2016-06-21T04:30:11.779Z	t817348	list	Retrieved User List
2016-06-21T04:40:46.895Z	t817348	assign	Retrieved new token for User T817348
2016-06-21T04:40:49.360Z	t817348	assign	Retrieved new token for User T817348
2016-06-21T04:40:51.059Z	t817348	delete	Deleted User T817348
2016-06-21T04:42:04.004Z	t817348	list	Retrieved User List
2016-06-21T04:43:27.377Z	t817348	register	Register user T817348 Successful
2016-06-21T04:43:27.475Z	t817348	list	Retrieved User List
2016-06-21T04:43:50.750Z	t817348	assign	Retrieved new token for User T817348
2016-06-21T04:44:21.185Z	t817348	assign	Retrieved new token for User T817348
2016-06-21T23:57:32.051Z	t817348	list	Retrieved User List
2016-06-21T23:58:24.475Z	t817348	list	Retrieved User List
2016-06-21T23:59:11.352Z	t817348	list	Retrieved User List
2016-06-22T00:00:49.440Z	t817348	list	Retrieved User List
2016-06-22T00:05:12.544Z	t817348	list	Retrieved User List
2016-06-22T00:05:17.226Z	t817348	assign	Retrieved new token for User T804729
2016-06-22T00:05:20.148Z	t817348	list	Retrieved User List
2016-06-22T00:08:26.090Z	t817348	list	Retrieved User List
2016-06-22T02:10:01.134Z	t817348	list	Retrieved User List
2016-06-22T02:10:03.276Z	t817348	history	Retrieved Audit Log
2016-06-22T02:10:25.900Z	t817348	list	Retrieved User List
2016-06-22T02:10:28.060Z	t817348	history	Retrieved Audit Log
2016-06-22T02:10:57.710Z	t817348	history	Retrieved Audit Log
2016-06-22T02:11:44.854Z	undefined	undefined	undefined
2016-06-22T02:12:56.266Z	t817348	history	Retrieved Audit Log
2016-06-22T02:13:40.055Z	t817348	history	Retrieved Audit Log
2016-06-22T02:14:02.077Z	t817348	history	Retrieved Audit Log
2016-06-22T02:14:44.062Z	t817348	history	Retrieved Audit Log
2016-06-22T02:14:54.925Z	t817348	history	Retrieved Audit Log
2016-06-22T02:15:20.639Z	t817348	history	Retrieved Audit Log
2016-06-22T02:15:37.445Z	t817348	history	Retrieved Audit Log
2016-06-22T02:15:51.610Z	t817348	history	Retrieved Audit Log
2016-06-22T02:16:26.233Z	t817348	history	Retrieved Audit Log
2016-06-22T02:16:48.062Z	t817348	history	Retrieved Audit Log
2016-06-22T02:17:02.888Z	t817348	history	Retrieved Audit Log
2016-06-22T02:17:13.621Z	t817348	list	Retrieved User List
2016-06-22T02:19:38.108Z	t817348	history	Retrieved Audit Log
2016-06-22T02:19:40.211Z	t817348	list	Retrieved User List
2016-06-22T02:19:42.913Z	t817348	assign	Retrieved new token for User T804729
2016-06-22T02:19:43.970Z	t817348	history	Retrieved Audit Log
2016-06-22T02:19:49.361Z	t817348	list	Retrieved User List
2016-06-22T02:20:01.421Z	t817348	register	Register user T813590 Successful
2016-06-22T02:20:01.478Z	t817348	list	Retrieved User List
2016-06-22T02:20:03.146Z	t817348	history	Retrieved Audit Log
2016-06-22T02:20:08.254Z	t817348	list	Retrieved User List
2016-06-22T02:20:11.213Z	t817348	delete	Deleted User T813590
2016-06-22T02:20:12.322Z	t817348	history	Retrieved Audit Log
2016-06-22T02:38:43.504Z	t817348	list	Retrieved User List
2016-06-22T02:39:16.252Z	t817348	assign	Failed to retrieve new token for User T804729: Unable to assign token to user: ReferenceError: k is not defined
2016-06-22T02:39:16.258Z	t817348	assign	Failed to retrieve new token for User T804729: Unable to assign token to user: Error Modifying User: Entry uid=T804729,ou=spark,ou=mfa,dc=spark,dc=co,dc=nz cannot be updated because the request did not contain any modifications
2016-06-22T02:39:57.489Z	t817348	assign	Failed to retrieve new token for User T804729: Unable to assign token to user: ReferenceError: k is not defined
2016-06-22T02:39:57.494Z	t817348	assign	Failed to retrieve new token for User T804729: Unable to assign token to user: Error Modifying User: Entry uid=T804729,ou=spark,ou=mfa,dc=spark,dc=co,dc=nz cannot be updated because the request did not contain any modifications
2016-06-22T02:41:36.620Z	t817348	assign	Failed to retrieve new token for User T804729: Unable to assign token to user: ReferenceError: k is not defined
2016-06-22T02:41:36.634Z	t817348	assign	Failed to retrieve new token for User T804729: Unable to assign token to user: Error Modifying User: Entry uid=T804729,ou=spark,ou=mfa,dc=spark,dc=co,dc=nz cannot be updated because the request did not contain any modifications
2016-06-22T02:42:06.151Z	t817348	history	Retrieved Audit Log
2016-06-22T02:42:45.439Z	t817348	assign	Failed to retrieve new token for User T804729: Unable to assign token to user: ReferenceError: k is not defined
2016-06-22T02:42:45.457Z	t817348	assign	Failed to retrieve new token for User T804729: Unable to assign token to user: Error Modifying User: Entry uid=T804729,ou=spark,ou=mfa,dc=spark,dc=co,dc=nz cannot be updated because the request did not contain any modifications
2016-06-22T02:43:46.787Z	t817348	assign	Failed to retrieve new token for User T804729: Unable to assign token to user: ReferenceError: k is not defined
2016-06-22T02:43:46.801Z	t817348	assign	Failed to retrieve new token for User T804729: Unable to assign token to user: Error Modifying User: Entry uid=T804729,ou=spark,ou=mfa,dc=spark,dc=co,dc=nz cannot be updated because the request did not contain any modifications
2016-06-22T02:44:20.429Z	t817348	assign	Failed to retrieve new token for User T804729: Unable to assign token to user: ReferenceError: k is not defined
2016-06-22T02:44:20.442Z	t817348	assign	Failed to retrieve new token for User T804729: Unable to assign token to user: Error Modifying User: Entry uid=T804729,ou=spark,ou=mfa,dc=spark,dc=co,dc=nz cannot be updated because the request did not contain any modifications
2016-06-22T02:44:32.584Z	t817348	assign	Failed to retrieve new token for User T804729: Unable to assign token to user: ReferenceError: k is not defined
2016-06-22T02:44:32.596Z	t817348	assign	Failed to retrieve new token for User T804729: Unable to assign token to user: Error Modifying User: Entry uid=T804729,ou=spark,ou=mfa,dc=spark,dc=co,dc=nz cannot be updated because the request did not contain any modifications
2016-06-22T02:44:56.205Z	t817348	assign	Failed to retrieve new token for User T804729: Unable to assign token to user: ReferenceError: k is not defined
2016-06-22T02:44:56.217Z	t817348	assign	Failed to retrieve new token for User T804729: Unable to assign token to user: Error Modifying User: Entry uid=T804729,ou=spark,ou=mfa,dc=spark,dc=co,dc=nz cannot be updated because the request did not contain any modifications
2016-06-22T02:45:13.521Z	t817348	assign	Failed to retrieve new token for User T804729: Unable to assign token to user: ReferenceError: k is not defined
2016-06-22T02:45:13.565Z	t817348	assign	Failed to retrieve new token for User T804729: Unable to assign token to user: Error Modifying User: Entry uid=T804729,ou=spark,ou=mfa,dc=spark,dc=co,dc=nz cannot be updated because the request did not contain any modifications
2016-06-22T02:45:24.697Z	t817348	assign	Failed to retrieve new token for User T804729: Unable to assign token to user: ReferenceError: k is not defined
2016-06-22T02:45:24.728Z	t817348	assign	Failed to retrieve new token for User T804729: Unable to assign token to user: Error Modifying User: Entry uid=T804729,ou=spark,ou=mfa,dc=spark,dc=co,dc=nz cannot be updated because the request did not contain any modifications
2016-06-22T02:46:44.877Z	t817348	assign	Failed to retrieve new token for User T804729: Unable to assign token to user: ReferenceError: k is not defined
2016-06-22T02:46:44.905Z	t817348	assign	Failed to retrieve new token for User T804729: Unable to assign token to user: Error Modifying User: Entry uid=T804729,ou=spark,ou=mfa,dc=spark,dc=co,dc=nz cannot be updated because the request did not contain any modifications
2016-06-22T02:47:28.272Z	t817348	assign	Retrieved new token for User T804729
2016-06-22T02:47:33.209Z	t817348	assign	Retrieved new token for User T804729
2016-06-22T02:49:08.205Z	t817348	register	Register user T813590 Successful
2016-06-22T02:49:08.253Z	t817348	list	Retrieved User List
2016-06-22T02:49:39.538Z	t817348	assign	Retrieved new token for User T813590
2016-06-22T02:54:12.812Z	t817348	list	Retrieved Personal Token
2016-06-23T03:25:52.807Z	t817348	list	Retrieved Personal Token
2016-06-23T03:26:24.257Z	t817348	list	Retrieved User List
2016-06-23T03:26:48.043Z	t817348	assign	Retrieved new token for User T813590
2016-06-23T03:27:08.014Z	t817348	list	Retrieved User List
2016-06-23T03:27:38.806Z	t817348	list	Retrieved User List
2016-06-23T03:30:51.230Z	t817348	assign	Failed to retrieve new token for User T813590: Unable to grab a new token: No Tokens Found
2016-06-23T03:30:57.369Z	t817348	history	Retrieved Audit Log
2016-06-23T03:32:54.606Z	t817348	list	Retrieved User List
2016-06-23T03:32:57.556Z	t817348	assign	Retrieved new token for User T813590
2016-06-23T03:32:58.891Z	t817348	history	Retrieved Audit Log
2016-06-23T03:33:02.840Z	t817348	history	Retrieved Audit Log
2016-06-23T03:33:21.148Z	t817348	assign	Failed to retrieve new token for User T813590: Unable to grab a new token: No Tokens Found
2016-06-23T03:33:25.705Z	t817348	history	Retrieved Audit Log
2016-06-23T03:33:59.952Z	t817348	list	Retrieved User List
2016-06-23T03:34:02.465Z	t817348	assign	Failed to retrieve new token for User T813590: Unable to grab a new token: No Tokens Found
2016-06-23T03:34:07.602Z	t817348	list	Retrieved User List
2016-06-23T03:34:29.342Z	t817348	assign	Failed to retrieve new token for User T813590: Unable to grab a new token: No Tokens Found
2016-06-23T03:34:37.597Z	t817348	list	Retrieved User List
2016-06-23T03:34:40.916Z	t817348	assign	Failed to retrieve new token for User T813590: Unable to grab a new token: No Tokens Found
2016-06-23T03:35:27.979Z	t817348	list	Retrieved User List
2016-06-23T03:35:31.605Z	t817348	assign	Failed to retrieve new token for User T813590: Unable to grab a new token: No Tokens Found
2016-06-23T03:39:16.706Z	t817348	list	Retrieved User List
2016-06-23T03:39:23.714Z	t817348	assign	Retrieved new token for User T813590
2016-06-23T03:39:25.974Z	t817348	list	Retrieved User List
2016-06-23T03:40:38.634Z	t817348	assign	Retrieved new token for User T813590
2016-06-23T03:41:11.393Z	t817348	list	Retrieved User List
2016-06-23T03:41:15.910Z	t817348	assign	Retrieved new token for User T813590
2016-06-23T03:41:17.756Z	t817348	list	Retrieved User List
2016-06-23T03:41:20.492Z	t817348	assign	Retrieved new token for User T813590
2016-06-23T03:43:16.717Z	t817348	assign	Retrieved new token for User T813590
2016-06-23T03:43:21.257Z	t817348	list	Retrieved User List
2016-06-23T03:43:23.633Z	t817348	assign	Retrieved new token for User T813590
2016-06-23T03:43:26.108Z	t817348	list	Retrieved User List
2016-06-23T03:43:28.485Z	t817348	assign	Retrieved new token for User T813590
2016-06-23T03:43:30.625Z	t817348	list	Retrieved User List
2016-06-23T03:43:33.003Z	t817348	assign	Retrieved new token for User T813590
2016-06-23T03:47:39.009Z	t817348	assign	Retrieved new token for User T813590
2016-06-23T03:47:41.414Z	t817348	assign	Retrieved new token for User T813590
